g:\repogitory\hidemaru-net\win-hidemaru-app\hm_powershell\hmps.src\hmps\x64\release\vc141.pdb
g:\repogitory\hidemaru-net\win-hidemaru-app\hm_powershell\hmps.src\hmps\x64\release\string_converter.obj
g:\repogitory\hidemaru-net\win-hidemaru-app\hm_powershell\hmps.src\hmps\x64\release\hmps.obj
g:\repogitory\hidemaru-net\win-hidemaru-app\hm_powershell\hmps.src\hmps\x64\release\hidemaruexe_export.obj
g:\repogitory\hidemaru-net\win-hidemaru-app\hm_powershell\hmps.src\hmps\x64\release\.netframework,version=v4.5.assemblyattributes.obj
g:\repogitory\hidemaru-net\win-hidemaru-app\hm_powershell\hmps.src\hmps\x64\release\.netframework,version=v4.5.assemblyattributes.asm
g:\repogitory\hm_powershell\hmps.src\hmps\x64\release\vc141.pdb
g:\repogitory\hm_powershell\hmps.src\hmps\x64\release\string_converter.obj
g:\repogitory\hm_powershell\hmps.src\hmps\x64\release\hmps.obj
g:\repogitory\hm_powershell\hmps.src\hmps\x64\release\hidemaruexe_export.obj
g:\repogitory\hm_powershell\hmps.src\hmps\x64\release\.netframework,version=v4.5.assemblyattributes.obj
g:\repogitory\hm_powershell\hmps.src\hmps\x64\release\.netframework,version=v4.5.assemblyattributes.asm
g:\repogitory\hidemaru-net\win-hidemaru-app\hm_powershell\hmps.src\x64\release\hmps.lib
g:\repogitory\hidemaru-net\win-hidemaru-app\hm_powershell\hmps.src\x64\release\hmps.exp
g:\repogitory\hm_powershell\hmps.src\x64\release\hmps.lib
g:\repogitory\hm_powershell\hmps.src\x64\release\hmps.exp
g:\repogitory\hidemaru-net\win-hidemaru-app\hm_powershell\hmps.src\x64\release\hmps.dll
g:\repogitory\hm_powershell\hmps.src\x64\release\hmps.dll
g:\repogitory\hidemaru-net\win-hidemaru-app\hm_powershell\hmps.src\hmps\x64\release\hmps.res
g:\repogitory\hm_powershell\hmps.src\hmps\x64\release\hmps.res
g:\repogitory\hm_powershell\hmps.src\hmps\x64\release\hmps.vcxprojassemblyreference.cache
g:\repogitory\hm_powershell\hmps.src\hmps\x64\release\hmps.tlog\cl.command.1.tlog
g:\repogitory\hm_powershell\hmps.src\hmps\x64\release\hmps.tlog\cl.read.1.tlog
g:\repogitory\hm_powershell\hmps.src\hmps\x64\release\hmps.tlog\cl.write.1.tlog
g:\repogitory\hm_powershell\hmps.src\hmps\x64\release\hmps.tlog\hmps.write.1u.tlog
g:\repogitory\hm_powershell\hmps.src\hmps\x64\release\hmps.tlog\link.command.1.tlog
g:\repogitory\hm_powershell\hmps.src\hmps\x64\release\hmps.tlog\link.delete.1.tlog
g:\repogitory\hm_powershell\hmps.src\hmps\x64\release\hmps.tlog\link.read.1.tlog
g:\repogitory\hm_powershell\hmps.src\hmps\x64\release\hmps.tlog\link.write.1.tlog
g:\repogitory\hm_powershell\hmps.src\hmps\x64\release\hmps.tlog\metagen.read.1.tlog
g:\repogitory\hm_powershell\hmps.src\hmps\x64\release\hmps.tlog\metagen.write.1.tlog
g:\repogitory\hm_powershell\hmps.src\hmps\x64\release\hmps.tlog\rc.command.1.tlog
g:\repogitory\hm_powershell\hmps.src\hmps\x64\release\hmps.tlog\rc.read.1.tlog
g:\repogitory\hm_powershell\hmps.src\hmps\x64\release\hmps.tlog\rc.write.1.tlog
